运行时间：2018-09-20 15:03:26
类型：消息
消息信息：错误的 SQL 语句 System.Data.SqlClient.SqlException (0x80131904): “1”附近有语法错误。
   在 System.Data.SqlClient.SqlConnection.OnError(SqlException exception, Boolean breakConnection, Action`1 wrapCloseInAction)
   在 System.Data.SqlClient.SqlInternalConnection.OnError(SqlException exception, Boolean breakConnection, Action`1 wrapCloseInAction)
   在 System.Data.SqlClient.TdsParser.ThrowExceptionAndWarning(TdsParserStateObject stateObj, Boolean callerHasConnectionLock, Boolean asyncClose)
   在 System.Data.SqlClient.TdsParser.TryRun(RunBehavior runBehavior, SqlCommand cmdHandler, SqlDataReader dataStream, BulkCopySimpleResultSet bulkCopyHandler, TdsParserStateObject stateObj, Boolean& dataReady)
   在 System.Data.SqlClient.SqlDataReader.TryConsumeMetaData()
   在 System.Data.SqlClient.SqlDataReader.get_MetaData()
   在 System.Data.SqlClient.SqlCommand.FinishExecuteReader(SqlDataReader ds, RunBehavior runBehavior, String resetOptionsString, Boolean isInternal, Boolean forDescribeParameterEncryption)
   在 System.Data.SqlClient.SqlCommand.RunExecuteReaderTds(CommandBehavior cmdBehavior, RunBehavior runBehavior, Boolean returnStream, Boolean async, Int32 timeout, Task& task, Boolean asyncWrite, Boolean inRetry, SqlDataReader ds, Boolean describeParameterEncryptionRequest)
   在 System.Data.SqlClient.SqlCommand.RunExecuteReader(CommandBehavior cmdBehavior, RunBehavior runBehavior, Boolean returnStream, String method, TaskCompletionSource`1 completion, Int32 timeout, Task& task, Boolean& usedCache, Boolean asyncWrite, Boolean inRetry)
   在 System.Data.SqlClient.SqlCommand.RunExecuteReader(CommandBehavior cmdBehavior, RunBehavior runBehavior, Boolean returnStream, String method)
   在 System.Data.SqlClient.SqlCommand.ExecuteReader(CommandBehavior behavior, String method)
   在 System.Data.SqlClient.SqlCommand.ExecuteDbDataReader(CommandBehavior behavior)
   在 System.Data.Common.DbCommand.ExecuteReader()
   在 System.Data.Objects.ObjectContext.ExecuteStoreQueryInternal[TElement](String commandText, String entitySetName, MergeOption mergeOption, Object[] parameters)
   在 System.Data.Entity.Internal.InternalContext.ExecuteSqlQuery[TElement](String sql, Object[] parameters)
   在 System.Data.Entity.Internal.InternalContext.ExecuteSqlQueryAsIEnumerable[TElement](String sql, Object[] parameters)
   在 System.Data.Entity.Internal.InternalContext.ExecuteSqlQuery(Type elementType, String sql, Object[] parameters)
   在 System.Data.Entity.Internal.InternalSqlNonSetQuery.GetEnumerator()
   在 System.Data.Entity.Internal.InternalSqlQuery`1.GetEnumerator()
   在 System.Linq.Enumerable.FirstOrDefault[TSource](IEnumerable`1 source)
   在 AVGD.Rpt.DAL.CommondController.ROWCOUNT(String sqlValue) 位置 E:\1github\report_website\AVGD.Rpt\AVGD.Rpt\DAL\CommondController.cs:行号 332
   在 AVGD.Rpt.Areas.Admin.Controllers.GodController.CheckSQLSuccess(String sqlValue) 位置 E:\1github\report_website\AVGD.Rpt\AVGD.Rpt\Areas\Admin\Controllers\GodController.cs:行号 130
ClientConnectionId:aa80df27-893e-477d-94e1-9698459d133e
Error Number:102,State:1,Class:15
select * from app_user_interface

运行时间：2018-09-20 15:03:41
类型：消息
消息信息：错误的 SQL 语句 System.Data.SqlClient.SqlException (0x80131904): “1”附近有语法错误。
   在 System.Data.SqlClient.SqlConnection.OnError(SqlException exception, Boolean breakConnection, Action`1 wrapCloseInAction)
   在 System.Data.SqlClient.SqlInternalConnection.OnError(SqlException exception, Boolean breakConnection, Action`1 wrapCloseInAction)
   在 System.Data.SqlClient.TdsParser.ThrowExceptionAndWarning(TdsParserStateObject stateObj, Boolean callerHasConnectionLock, Boolean asyncClose)
   在 System.Data.SqlClient.TdsParser.TryRun(RunBehavior runBehavior, SqlCommand cmdHandler, SqlDataReader dataStream, BulkCopySimpleResultSet bulkCopyHandler, TdsParserStateObject stateObj, Boolean& dataReady)
   在 System.Data.SqlClient.SqlDataReader.TryConsumeMetaData()
   在 System.Data.SqlClient.SqlDataReader.get_MetaData()
   在 System.Data.SqlClient.SqlCommand.FinishExecuteReader(SqlDataReader ds, RunBehavior runBehavior, String resetOptionsString, Boolean isInternal, Boolean forDescribeParameterEncryption)
   在 System.Data.SqlClient.SqlCommand.RunExecuteReaderTds(CommandBehavior cmdBehavior, RunBehavior runBehavior, Boolean returnStream, Boolean async, Int32 timeout, Task& task, Boolean asyncWrite, Boolean inRetry, SqlDataReader ds, Boolean describeParameterEncryptionRequest)
   在 System.Data.SqlClient.SqlCommand.RunExecuteReader(CommandBehavior cmdBehavior, RunBehavior runBehavior, Boolean returnStream, String method, TaskCompletionSource`1 completion, Int32 timeout, Task& task, Boolean& usedCache, Boolean asyncWrite, Boolean inRetry)
   在 System.Data.SqlClient.SqlCommand.RunExecuteReader(CommandBehavior cmdBehavior, RunBehavior runBehavior, Boolean returnStream, String method)
   在 System.Data.SqlClient.SqlCommand.ExecuteReader(CommandBehavior behavior, String method)
   在 System.Data.SqlClient.SqlCommand.ExecuteDbDataReader(CommandBehavior behavior)
   在 System.Data.Common.DbCommand.ExecuteReader()
   在 System.Data.Objects.ObjectContext.ExecuteStoreQueryInternal[TElement](String commandText, String entitySetName, MergeOption mergeOption, Object[] parameters)
   在 System.Data.Entity.Internal.InternalContext.ExecuteSqlQuery[TElement](String sql, Object[] parameters)
   在 System.Data.Entity.Internal.InternalContext.ExecuteSqlQueryAsIEnumerable[TElement](String sql, Object[] parameters)
   在 System.Data.Entity.Internal.InternalContext.ExecuteSqlQuery(Type elementType, String sql, Object[] parameters)
   在 System.Data.Entity.Internal.InternalSqlNonSetQuery.GetEnumerator()
   在 System.Data.Entity.Internal.InternalSqlQuery`1.GetEnumerator()
   在 System.Linq.Enumerable.FirstOrDefault[TSource](IEnumerable`1 source)
   在 AVGD.Rpt.DAL.CommondController.ROWCOUNT(String sqlValue) 位置 E:\1github\report_website\AVGD.Rpt\AVGD.Rpt\DAL\CommondController.cs:行号 332
   在 AVGD.Rpt.Areas.Admin.Controllers.GodController.CheckSQLSuccess(String sqlValue) 位置 E:\1github\report_website\AVGD.Rpt\AVGD.Rpt\Areas\Admin\Controllers\GodController.cs:行号 130
ClientConnectionId:aa80df27-893e-477d-94e1-9698459d133e
Error Number:102,State:1,Class:15
select * from app_user_interface

运行时间：2018-09-20 15:05:27
类型：消息
消息信息：错误的 SQL 语句 System.Data.SqlClient.SqlException (0x80131904): 对象名 'app_user_interface' 无效。
   在 System.Data.SqlClient.SqlConnection.OnError(SqlException exception, Boolean breakConnection, Action`1 wrapCloseInAction)
   在 System.Data.SqlClient.SqlInternalConnection.OnError(SqlException exception, Boolean breakConnection, Action`1 wrapCloseInAction)
   在 System.Data.SqlClient.TdsParser.ThrowExceptionAndWarning(TdsParserStateObject stateObj, Boolean callerHasConnectionLock, Boolean asyncClose)
   在 System.Data.SqlClient.TdsParser.TryRun(RunBehavior runBehavior, SqlCommand cmdHandler, SqlDataReader dataStream, BulkCopySimpleResultSet bulkCopyHandler, TdsParserStateObject stateObj, Boolean& dataReady)
   在 System.Data.SqlClient.SqlDataReader.TryConsumeMetaData()
   在 System.Data.SqlClient.SqlDataReader.get_MetaData()
   在 System.Data.SqlClient.SqlCommand.FinishExecuteReader(SqlDataReader ds, RunBehavior runBehavior, String resetOptionsString, Boolean isInternal, Boolean forDescribeParameterEncryption)
   在 System.Data.SqlClient.SqlCommand.RunExecuteReaderTds(CommandBehavior cmdBehavior, RunBehavior runBehavior, Boolean returnStream, Boolean async, Int32 timeout, Task& task, Boolean asyncWrite, Boolean inRetry, SqlDataReader ds, Boolean describeParameterEncryptionRequest)
   在 System.Data.SqlClient.SqlCommand.RunExecuteReader(CommandBehavior cmdBehavior, RunBehavior runBehavior, Boolean returnStream, String method, TaskCompletionSource`1 completion, Int32 timeout, Task& task, Boolean& usedCache, Boolean asyncWrite, Boolean inRetry)
   在 System.Data.SqlClient.SqlCommand.RunExecuteReader(CommandBehavior cmdBehavior, RunBehavior runBehavior, Boolean returnStream, String method)
   在 System.Data.SqlClient.SqlCommand.ExecuteReader(CommandBehavior behavior, String method)
   在 System.Data.SqlClient.SqlCommand.ExecuteDbDataReader(CommandBehavior behavior)
   在 System.Data.Common.DbCommand.ExecuteReader()
   在 System.Data.Objects.ObjectContext.ExecuteStoreQueryInternal[TElement](String commandText, String entitySetName, MergeOption mergeOption, Object[] parameters)
   在 System.Data.Entity.Internal.InternalContext.ExecuteSqlQuery[TElement](String sql, Object[] parameters)
   在 System.Data.Entity.Internal.InternalContext.ExecuteSqlQueryAsIEnumerable[TElement](String sql, Object[] parameters)
   在 System.Data.Entity.Internal.InternalContext.ExecuteSqlQuery(Type elementType, String sql, Object[] parameters)
   在 System.Data.Entity.Internal.InternalSqlNonSetQuery.GetEnumerator()
   在 System.Data.Entity.Internal.InternalSqlQuery`1.GetEnumerator()
   在 System.Linq.Enumerable.FirstOrDefault[TSource](IEnumerable`1 source)
   在 AVGD.Rpt.DAL.CommondController.ROWCOUNT(String sqlValue) 位置 E:\1github\report_website\AVGD.Rpt\AVGD.Rpt\DAL\CommondController.cs:行号 333
   在 AVGD.Rpt.Areas.Admin.Controllers.GodController.CheckSQLSuccess(String sqlValue) 位置 E:\1github\report_website\AVGD.Rpt\AVGD.Rpt\Areas\Admin\Controllers\GodController.cs:行号 130
ClientConnectionId:ea22e344-1ae5-41c4-bab5-3d04ec410f77
Error Number:208,State:1,Class:16
select * from app_user_interface

运行时间：2018-09-20 15:08:24
类型：消息
消息信息：错误的 SQL 语句 System.Data.SqlClient.SqlException (0x80131904): 对象名 'app_user_interface' 无效。
   在 System.Data.SqlClient.SqlConnection.OnError(SqlException exception, Boolean breakConnection, Action`1 wrapCloseInAction)
   在 System.Data.SqlClient.SqlInternalConnection.OnError(SqlException exception, Boolean breakConnection, Action`1 wrapCloseInAction)
   在 System.Data.SqlClient.TdsParser.ThrowExceptionAndWarning(TdsParserStateObject stateObj, Boolean callerHasConnectionLock, Boolean asyncClose)
   在 System.Data.SqlClient.TdsParser.TryRun(RunBehavior runBehavior, SqlCommand cmdHandler, SqlDataReader dataStream, BulkCopySimpleResultSet bulkCopyHandler, TdsParserStateObject stateObj, Boolean& dataReady)
   在 System.Data.SqlClient.SqlDataReader.TryConsumeMetaData()
   在 System.Data.SqlClient.SqlDataReader.get_MetaData()
   在 System.Data.SqlClient.SqlCommand.FinishExecuteReader(SqlDataReader ds, RunBehavior runBehavior, String resetOptionsString, Boolean isInternal, Boolean forDescribeParameterEncryption)
   在 System.Data.SqlClient.SqlCommand.RunExecuteReaderTds(CommandBehavior cmdBehavior, RunBehavior runBehavior, Boolean returnStream, Boolean async, Int32 timeout, Task& task, Boolean asyncWrite, Boolean inRetry, SqlDataReader ds, Boolean describeParameterEncryptionRequest)
   在 System.Data.SqlClient.SqlCommand.RunExecuteReader(CommandBehavior cmdBehavior, RunBehavior runBehavior, Boolean returnStream, String method, TaskCompletionSource`1 completion, Int32 timeout, Task& task, Boolean& usedCache, Boolean asyncWrite, Boolean inRetry)
   在 System.Data.SqlClient.SqlCommand.RunExecuteReader(CommandBehavior cmdBehavior, RunBehavior runBehavior, Boolean returnStream, String method)
   在 System.Data.SqlClient.SqlCommand.ExecuteReader(CommandBehavior behavior, String method)
   在 System.Data.SqlClient.SqlCommand.ExecuteDbDataReader(CommandBehavior behavior)
   在 System.Data.Common.DbCommand.ExecuteReader()
   在 System.Data.Objects.ObjectContext.ExecuteStoreQueryInternal[TElement](String commandText, String entitySetName, MergeOption mergeOption, Object[] parameters)
   在 System.Data.Entity.Internal.InternalContext.ExecuteSqlQuery[TElement](String sql, Object[] parameters)
   在 System.Data.Entity.Internal.InternalContext.ExecuteSqlQueryAsIEnumerable[TElement](String sql, Object[] parameters)
   在 System.Data.Entity.Internal.InternalContext.ExecuteSqlQuery(Type elementType, String sql, Object[] parameters)
   在 System.Data.Entity.Internal.InternalSqlNonSetQuery.GetEnumerator()
   在 System.Data.Entity.Internal.InternalSqlQuery`1.GetEnumerator()
   在 System.Linq.Enumerable.FirstOrDefault[TSource](IEnumerable`1 source)
   在 AVGD.Rpt.DAL.CommondController.ROWCOUNT(String sqlValue) 位置 E:\1github\report_website\AVGD.Rpt\AVGD.Rpt\DAL\CommondController.cs:行号 333
   在 AVGD.Rpt.Areas.Admin.Controllers.GodController.CheckSQLSuccess(String sqlValue) 位置 E:\1github\report_website\AVGD.Rpt\AVGD.Rpt\Areas\Admin\Controllers\GodController.cs:行号 130
ClientConnectionId:03f77006-7189-4102-8994-625a7e994634
Error Number:208,State:1,Class:16
select * from app_user_interface

